<?xml version="1.0" encoding="UTF-8"?>
<!-- Generated by org.testng.reporters.JUnitReportReporter -->
<testsuite skipped="0" hostname="Daniel-PC" name="testing.MoodleTestTemplate" tests="1" failures="0" timestamp="07 Apr 2019 20:42:57 GMT" time="0.009" errors="0">
  <testcase name="test" time="0.009" classname="testing.MoodleTestTemplate"/>
</testsuite> <!-- testing.MoodleTestTemplate -->
