<?xml version="1.0" encoding="UTF-8"?>
<!-- Generated by org.testng.reporters.JUnitReportReporter -->
<testsuite skipped="0" hostname="Daniel-PC" name="utils.LineTester" tests="1" failures="0" timestamp="01 May 2019 03:39:25 GMT" time="1.422" errors="0">
  <testcase name="doesItWork" time="1.422" classname="utils.LineTester"/>
</testsuite> <!-- utils.LineTester -->
