<?xml version="1.0" encoding="UTF-8"?>
<!-- Generated by org.testng.reporters.JUnitReportReporter -->
<testsuite skipped="0" hostname="Daniel-PC" name="moodle_test_prototypes.ProceduralUserCrudTest" tests="1" failures="0" timestamp="25 Apr 2019 02:56:38 GMT" time="47.192" errors="0">
  <testcase name="test" time="47.192" classname="moodle_test_prototypes.ProceduralUserCrudTest"/>
</testsuite> <!-- moodle_test_prototypes.ProceduralUserCrudTest -->
