<?xml version="1.0" encoding="UTF-8"?>
<!-- Generated by org.testng.reporters.JUnitReportReporter -->
<testsuite skipped="0" hostname="Daniel-PC" name="moodle_test_templates.UserCrudTestEarly" tests="1" failures="0" timestamp="12 Apr 2019 02:41:20 GMT" time="43.584" errors="0">
  <testcase name="test" time="43.584" classname="moodle_test_templates.UserCrudTestEarly"/>
</testsuite> <!-- moodle_test_templates.UserCrudTestEarly -->
