<?xml version="1.0" encoding="UTF-8"?>
<!-- Generated by org.testng.reporters.JUnitReportReporter -->
<testsuite skipped="0" hostname="Daniel-PC" name="moodle_tests.UserCrudTest" tests="1" failures="0" timestamp="10 Apr 2019 01:56:12 GMT" time="47.000" errors="0">
  <testcase name="test" time="47.000" classname="moodle_tests.UserCrudTest"/>
</testsuite> <!-- moodle_tests.UserCrudTest -->
