<?xml version="1.0" encoding="UTF-8"?>
<!-- Generated by org.testng.reporters.JUnitReportReporter -->
<testsuite skipped="0" hostname="Daniel-PC" name="moodle_tests.UserCrudTests" tests="4" failures="0" timestamp="01 May 2019 02:45:54 GMT" time="43.903" errors="0">
  <testcase name="createUser" time="11.628" classname="moodle_tests.UserCrudTests"/>
  <testcase name="readUser" time="13.181" classname="moodle_tests.UserCrudTests"/>
  <testcase name="updateUser" time="10.484" classname="moodle_tests.UserCrudTests"/>
  <testcase name="deleteUser" time="8.610" classname="moodle_tests.UserCrudTests"/>
</testsuite> <!-- moodle_tests.UserCrudTests -->
