<?xml version="1.0" encoding="UTF-8"?>
<!-- Generated by org.testng.reporters.JUnitReportReporter -->
<testsuite skipped="0" hostname="Daniel-PC" name="moodle_test_prototypes.ProceduralUserCrudTest" tests="1" failures="0" timestamp="17 Apr 2019 02:58:50 GMT" time="2.843" errors="0">
  <testcase name="test" time="2.843" classname="moodle_test_prototypes.ProceduralUserCrudTest"/>
</testsuite> <!-- moodle_test_prototypes.ProceduralUserCrudTest -->
